countChar-2.js:1 
        
        
        Failed to load resource: the server responded with a status of 404 (Not Found)
countChar-2.html:1  Refused to execute script from 'http://127.0.0.1:5500/10/js/countChar-2.js' because its MIME type ('text/html') is not executable, and strict MIME type checking is enabled.
countChar-2.html:40 Live reload enabled.
str5 = "Hello, everyone"
'Hello, everyone'
array2 = str5.split("")
(15) ['H', 'e', 'l', 'l', 'o', ',', ' ', 'e', 'v', 'e', 'r', 'y', 'o', 'n', 'e']
array3 = [...str5]
(15) ['H', 'e', 'l', 'l', 'o', ',', ' ', 'e', 'v', 'e', 'r', 'y', 'o', 'n', 'e']
array4 = Array.from(str5)
(15) ['H', 'e', 'l', 'l', 'o', ',', ' ', 'e', 'v', 'e', 'r', 'y', 'o', 'n', 'e']
str6 = array4.join("")
'Hello, everyone'
let season = []
undefined
season[0] = "spring"
'spring'
season[1] = "summer"
'summer'
season
(2) ['spring', 'summer']
let pets = ["dog", "cat", "parrot"]
undefined
pets
(3) ['dog', 'cat', 'parrot']
let fruits = new Array("사과", "복숭아", "포도")
undefined
fruits
(3) ['사과', '복숭아', '포도']
pets[1] = "hamster"
'hamster'
pets
(3) ['dog', 'hamster', 'parrot']
fruits[4] = "배"
'배'
fruits
(5) ['사과', '복숭아', '포도', 비어 있음, '배']
fruits[3]
undefined
let colors = ["red", "green", "blue", "white", "black"]
undefined
for (let i = 0; i < colors.length; i++) {
    console.log(colors[i]);
}
VM1235:2 red
VM1235:2 green
VM1235:2 blue
VM1235:2 white
VM1235:2 black
undefined
let animals = ["lion", "bear", "bird"]
undefined
animals.forEach(animal => {
    console.log(animal)
});
VM1477:2 lion
VM1477:2 bear
VM1477:2 bird
undefined
animals.forEach((animal, index) => {
    console.log(`animals[${index}] : ${animal}`);
});
VM1687:2 animals[0] : lion
VM1687:2 animals[1] : bear
VM1687:2 animals[2] : bird
undefined
animals.forEach((animal, index, array) => {
    console.log(`[${array}][${index}] : ${animal}`);
});
VM1727:2 [lion,bear,bird][0] : lion
VM1727:2 [lion,bear,bird][1] : bear
VM1727:2 [lion,bear,bird][2] : bird
undefined
let vegitable = ["양상추", "토마토", "피클"]
undefined
let meat = ["불고기"]
undefined
let meatBurger = vegitable.concat(meat, "빵")
undefined
meatBurger
(5) ['양상추', '토마토', '피클', '불고기', '빵']
let meatBurger2 = meat.concat("빵", vegitable)
undefined
meatBurger2
(5) ['불고기', '빵', '양상추', '토마토', '피클']
let vegitable = ["양상추", "토마토", "피클"]
undefined
let cheese = ["모짜렐라", "슈레드"]
undefined
let cheeseBurger = ["빵", ...vegitable, ...cheese]
undefined
cheeseBurger
(6) ['빵', '양상추', '토마토', '피클', '모짜렐라', '슈레드']
let numbers = [6, 9, 3, 21, 18]
undefined
numbers.reverse()
(5) [18, 21, 3, 9, 6]
let week = ["sun", "mon", "tue"]
undefined
let values = [5, 20, 3, 11, 4, 15]
undefined
week.sort()
(3) ['mon', 'sun', 'tue']
values.sort()
(6) [11, 15, 20, 3, 4, 5]
let values = [5, 20, 3, 11, 4, 15]
undefined
values.sort(function (a,b) {
    if (a > b) return 1;
     if (a < b) return -1;
    if (a === b) return 0;
})
(6) [3, 4, 5, 11, 15, 20]
let values = [5, 20, 3, 11, 4, 15]
undefined
values.sort(function (a,b) {
    return a - b;
})
(6) [3, 4, 5, 11, 15, 20]
animals.pop()
'bird'
animals
(2) ['lion', 'bear']
animals.push("tiger")
3
animals
(3) ['lion', 'bear', 'tiger']
let fruits = ["apple", "pear", "banaga"]
undefined
fruits.shift()
'apple'
fruits
(2) ['pear', 'banaga']
fruits.unshift("cherry")
3
fruits
(3) ['cherry', 'pear', 'banaga']
let subjects = ["html", "css", "javascript", "react", "typescript"]
undefined
subjects.splice(2)
(3) ['javascript', 'react', 'typescript']
subjects
(2) ['html', 'css']
let week = ["sun", "mon", "tue", "wed", "thu", "fri", "sat"]
undefined
let weekday = week.splice(1,5)
undefined
weekday
(5) ['mon', 'tue', 'wed', 'thu', 'fri']
week
(2) ['sun', 'sat']
let brunch = ["egg", "milk", "apple", "banaga"]
undefined
brunch.splice(2, 0, "coffee", "bread")
[]
brunch
(6) ['egg', 'milk', 'coffee', 'bread', 'apple', 'banaga']
let colors= ["red", "green", "blue", "white", "black"]
undefined
colors.slice(2)
(3) ['blue', 'white', 'black']
colors
(5) ['red', 'green', 'blue', 'white', 'black']
let colors2 = colors.slice(1, 4)
undefined
colors
(5) ['red', 'green', 'blue', 'white', 'black']
colors2
(3) ['green', 'blue', 'white']
colors
(5) ['red', 'green', 'blue', 'white', 'black']0: "red"1: "green"2: "blue"3: "white"4: "black"length: 5[[Prototype]]: Array(0)
